  Dealer.cpp
C:\Users\student\source\repos\orlov\ООП\Poker\Deck.h(16,21): warning C4018: <: несоответствие типов со знаком и без знака
C:\Users\student\source\repos\orlov\ООП\Poker\Deck.h(17,22): warning C4018: <: несоответствие типов со знаком и без знака
C:\Users\student\source\repos\orlov\ООП\Poker\Dealer.cpp(20,20): warning C4018: <: несоответствие типов со знаком и без знака
  Deck.cpp
C:\Users\student\source\repos\orlov\ООП\Poker\Deck.h(16,21): warning C4018: <: несоответствие типов со знаком и без знака
C:\Users\student\source\repos\orlov\ООП\Poker\Deck.h(17,22): warning C4018: <: несоответствие типов со знаком и без знака
C:\Users\student\source\repos\orlov\ООП\Poker\Deck.cpp(5,19): warning C4018: <: несоответствие типов со знаком и без знака
C:\Users\student\source\repos\orlov\ООП\Poker\Deck.cpp(15,20): warning C4018: <: несоответствие типов со знаком и без знака
  Game.cpp
  Player.cpp
C:\Users\student\source\repos\orlov\ООП\Poker\Deck.h(16,21): warning C4018: <: несоответствие типов со знаком и без знака
C:\Users\student\source\repos\orlov\ООП\Poker\Deck.h(17,22): warning C4018: <: несоответствие типов со знаком и без знака
C:\Users\student\source\repos\orlov\ООП\Poker\Player.cpp(24,20): warning C4018: <: несоответствие типов со знаком и без знака
  Poker.cpp
C:\Users\student\source\repos\orlov\ООП\Poker\Deck.h(16,21): warning C4018: <: несоответствие типов со знаком и без знака
C:\Users\student\source\repos\orlov\ООП\Poker\Deck.h(17,22): warning C4018: <: несоответствие типов со знаком и без знака
C:\Users\student\source\repos\orlov\ООП\Poker\Poker.cpp(11,12): warning C4244: аргумент: преобразование "time_t" в "unsigned int", возможна потеря данных
  Создание кода...
  Poker.vcxproj -> C:\Users\student\source\repos\orlov\ООП\Poker\Debug\Poker.exe
