c:\users\student\source\repos\orlov\ооп\poker\debug\vc142.pdb
c:\users\student\source\repos\orlov\ооп\poker\debug\vc142.idb
c:\users\student\source\repos\orlov\ооп\poker\debug\poker.obj
c:\users\student\source\repos\orlov\ооп\poker\debug\deck.obj
c:\users\student\source\repos\orlov\ооп\poker\debug\card.obj
c:\users\student\source\repos\orlov\ооп\poker\debug\player.obj
c:\users\student\source\repos\orlov\ооп\poker\debug\poker.tlog\cl.command.1.tlog
c:\users\student\source\repos\orlov\ооп\poker\debug\poker.tlog\cl.read.1.tlog
c:\users\student\source\repos\orlov\ооп\poker\debug\poker.tlog\cl.write.1.tlog
c:\users\student\source\repos\orlov\ооп\poker\debug\poker.tlog\link-cvtres.read.1.tlog
c:\users\student\source\repos\orlov\ооп\poker\debug\poker.tlog\link-cvtres.write.1.tlog
c:\users\student\source\repos\orlov\ооп\poker\debug\poker.tlog\link-rc.read.1.tlog
c:\users\student\source\repos\orlov\ооп\poker\debug\poker.tlog\link-rc.write.1.tlog
c:\users\student\source\repos\orlov\ооп\poker\debug\poker.tlog\link.11328-cvtres.read.1.tlog
c:\users\student\source\repos\orlov\ооп\poker\debug\poker.tlog\link.11328-cvtres.write.1.tlog
c:\users\student\source\repos\orlov\ооп\poker\debug\poker.tlog\link.11328-rc.read.1.tlog
c:\users\student\source\repos\orlov\ооп\poker\debug\poker.tlog\link.11328-rc.write.1.tlog
c:\users\student\source\repos\orlov\ооп\poker\debug\poker.tlog\link.11328.read.1.tlog
c:\users\student\source\repos\orlov\ооп\poker\debug\poker.tlog\link.11328.write.1.tlog
c:\users\student\source\repos\orlov\ооп\poker\debug\poker.tlog\link.command.1.tlog
c:\users\student\source\repos\orlov\ооп\poker\debug\poker.tlog\link.read.1.tlog
c:\users\student\source\repos\orlov\ооп\poker\debug\poker.tlog\link.write.1.tlog
